<?xml version="1.0" encoding="UTF-8"?>
<testng-results ignored="0" total="1" passed="1" failed="0" skipped="0">
  <reporter-output>
  </reporter-output>
  <suite started-at="2022-12-20T15:35:42 IST" name="Default suite" finished-at="2022-12-20T15:36:05 IST" duration-ms="23030">
    <groups>
    </groups>
    <test started-at="2022-12-20T15:35:42 IST" name="Default test" finished-at="2022-12-20T15:36:05 IST" duration-ms="23030">
      <class name="scripts.Testcase3">
        <test-method is-config="true" signature="openApp()[pri:0, instance:scripts.Testcase3@1139b2f3]" started-at="2022-12-20T15:35:42 IST" name="openApp" finished-at="2022-12-20T15:35:49 IST" duration-ms="7124" status="PASS">
          <reporter-output>
          </reporter-output>
        </test-method> <!-- openApp -->
        <test-method signature="tc3()[pri:0, instance:scripts.Testcase3@1139b2f3]" started-at="2022-12-20T15:35:49 IST" name="tc3" finished-at="2022-12-20T15:36:04 IST" duration-ms="15092" status="PASS">
          <reporter-output>
          </reporter-output>
        </test-method> <!-- tc3 -->
        <test-method is-config="true" signature="closApp()[pri:0, instance:scripts.Testcase3@1139b2f3]" started-at="2022-12-20T15:36:04 IST" name="closApp" finished-at="2022-12-20T15:36:05 IST" duration-ms="768" status="PASS">
          <reporter-output>
          </reporter-output>
        </test-method> <!-- closApp -->
      </class> <!-- scripts.Testcase3 -->
    </test> <!-- Default test -->
  </suite> <!-- Default suite -->
</testng-results>
