<?xml version="1.0" encoding="UTF-8"?>
<testng-results ignored="0" total="1" passed="1" failed="0" skipped="0">
  <reporter-output>
  </reporter-output>
  <suite started-at="2022-12-20T14:07:28 IST" name="Default suite" finished-at="2022-12-20T14:07:53 IST" duration-ms="24772">
    <groups>
    </groups>
    <test started-at="2022-12-20T14:07:28 IST" name="Default test" finished-at="2022-12-20T14:07:53 IST" duration-ms="24772">
      <class name="scripts.Testcase3">
        <test-method is-config="true" signature="openApp()[pri:0, instance:scripts.Testcase3@1139b2f3]" started-at="2022-12-20T14:07:28 IST" name="openApp" finished-at="2022-12-20T14:07:32 IST" duration-ms="4522" status="PASS">
          <reporter-output>
          </reporter-output>
        </test-method> <!-- openApp -->
        <test-method signature="tc3()[pri:0, instance:scripts.Testcase3@1139b2f3]" started-at="2022-12-20T14:07:32 IST" name="tc3" finished-at="2022-12-20T14:07:52 IST" duration-ms="19667" status="PASS">
          <reporter-output>
          </reporter-output>
        </test-method> <!-- tc3 -->
        <test-method is-config="true" signature="closApp()[pri:0, instance:scripts.Testcase3@1139b2f3]" started-at="2022-12-20T14:07:52 IST" name="closApp" finished-at="2022-12-20T14:07:53 IST" duration-ms="521" status="PASS">
          <reporter-output>
          </reporter-output>
        </test-method> <!-- closApp -->
      </class> <!-- scripts.Testcase3 -->
    </test> <!-- Default test -->
  </suite> <!-- Default suite -->
</testng-results>
